<?xml version="1.0" encoding="UTF-8"?>
<testsuite name="AccountLogin Test"
           tests="2"
           failures="0"
           errors="0"
           skipped="0"
           time="2.147">
  <properties />
  
  
            <testcase name="verifyUserShouldNavigateToLoginPageSuccessfully" time="0.428" classname="com.tutorialninja.testsuite.AccountLoginPageTest" />
                <testcase name="verifyThatUserShouldLoginAndLogoutSuccessfully" time="1.719" classname="com.tutorialninja.testsuite.AccountLoginPageTest" />
      
</testsuite>
